# JRE version: OpenJDK Runtime Environment Temurin-21.0.8+9 (21.0.8+9) (build 21.0.8+9-LTS)
# Java VM: OpenJDK 64-Bit Server VM Temurin-21.0.8+9 (21.0.8+9-LTS, mixed mode, sharing, tiered, compressed oops, compressed class ptrs, parallel gc, windows-amd64)
GC Precious Log:
 CardTable entry size: 512
 CPUs: 8 total, 8 available
 Memory: 7941M
 Large Page Support: Disabled
 NUMA Support: Disabled
 Compressed Oops: Enabled (32-bit)
 Alignments: Space 512K, Generation 512K, Heap 2M
 Heap Min Capacity: 100M
 Heap Initial Capacity: 100M
 Heap Max Capacity: 2G
 Pre-touch: Disabled
 Parallel Workers: 8
Heap:
 PSYoungGen      total 3072K, used 3047K [0x00000000d5580000, 0x00000000d5a00000, 0x0000000100000000)
  eden space 1536K, 100% used [0x00000000d5580000,0x00000000d5700000,0x00000000d5700000)
  from space 1536K, 98% used [0x00000000d5700000,0x00000000d5879fa0,0x00000000d5880000)
  to   space 1024K, 100% used [0x00000000d5900000,0x00000000d5a00000,0x00000000d5a00000)
 ParOldGen       total 719360K, used 719177K [0x0000000080000000, 0x00000000abe80000, 0x00000000d5580000)
  object space 719360K, 99% used [0x0000000080000000,0x00000000abe52648,0x00000000abe80000)
 Metaspace       used 68070K, committed 69632K, reserved 1114112K
  class space    used 7147K, committed 7808K, reserved 1048576K
GC Heap History (20 events):
Event: 30.348 GC heap before
{Heap before GC invocations=921 (full 3):
 PSYoungGen      total 2560K, used 2028K [0x00000000d5580000, 0x00000000d5980000, 0x0000000100000000)
  eden space 1024K, 82% used [0x00000000d5580000,0x00000000d5654628,0x00000000d5680000)
  from space 1536K, 76% used [0x00000000d5680000,0x00000000d57a6d50,0x00000000d5800000)
  to   space 1536K, 0% used [0x00000000d5800000,0x00000000d5800000,0x00000000d5980000)
 ParOldGen       total 706560K, used 706558K [0x0000000080000000, 0x00000000ab200000, 0x00000000d5580000)
  object space 706560K, 99% used [0x0000000080000000,0x00000000ab1ff890,0x00000000ab200000)
 Metaspace       used 68070K, committed 69632K, reserved 1114112K
  class space    used 7147K, committed 7808K, reserved 1048576K
}
Event: 30.351 GC heap after
{Heap after GC invocations=921 (full 3):
 PSYoungGen      total 2048K, used 931K [0x00000000d5580000, 0x00000000d5900000, 0x0000000100000000)
  eden space 1024K, 0% used [0x00000000d5580000,0x00000000d5580000,0x00000000d5680000)
  from space 1024K, 90% used [0x00000000d5800000,0x00000000d58e8f10,0x00000000d5900000)
  to   space 1024K, 0% used [0x00000000d5700000,0x00000000d5700000,0x00000000d5800000)
 ParOldGen       total 708096K, used 707586K [0x0000000080000000, 0x00000000ab380000, 0x00000000d5580000)
  object space 708096K, 99% used [0x0000000080000000,0x00000000ab300b00,0x00000000ab380000)
 Metaspace       used 68070K, committed 69632K, reserved 1114112K
  class space    used 7147K, committed 7808K, reserved 1048576K
}
Event: 30.378 GC heap before
{Heap before GC invocations=922 (full 3):
 PSYoungGen      total 2048K, used 1955K [0x00000000d5580000, 0x00000000d5900000, 0x0000000100000000)
  eden space 1024K, 100% used [0x00000000d5580000,0x00000000d5680000,0x00000000d5680000)
  from space 1024K, 90% used [0x00000000d5800000,0x00000000d58e8f10,0x00000000d5900000)
  to   space 1024K, 0% used [0x00000000d5700000,0x00000000d5700000,0x00000000d5800000)
 ParOldGen       total 709120K, used 708930K [0x0000000080000000, 0x00000000ab480000, 0x00000000d5580000)
  object space 709120K, 99% used [0x0000000080000000,0x00000000ab450b00,0x00000000ab480000)
 Metaspace       used 68070K, committed 69632K, reserved 1114112K
  class space    used 7147K, committed 7808K, reserved 1048576K
}
Event: 30.382 GC heap after
{Heap after GC invocations=922 (full 3):
 PSYoungGen      total 2048K, used 896K [0x00000000d5580000, 0x00000000d5880000, 0x0000000100000000)
  eden space 1024K, 0% used [0x00000000d5580000,0x00000000d5580000,0x00000000d5680000)
  from space 1024K, 87% used [0x00000000d5700000,0x00000000d57e0000,0x00000000d5800000)
  to   space 512K, 0% used [0x00000000d5800000,0x00000000d5800000,0x00000000d5880000)
 ParOldGen       total 710144K, used 710001K [0x0000000080000000, 0x00000000ab580000, 0x00000000d5580000)
  object space 710144K, 99% used [0x0000000080000000,0x00000000ab55c4b0,0x00000000ab580000)
 Metaspace       used 68070K, committed 69632K, reserved 1114112K
  class space    used 7147K, committed 7808K, reserved 1048576K
}
Event: 30.396 GC heap before
{Heap before GC invocations=923 (full 3):
 PSYoungGen      total 2048K, used 1920K [0x00000000d5580000, 0x00000000d5880000, 0x0000000100000000)
  eden space 1024K, 100% used [0x00000000d5580000,0x00000000d5680000,0x00000000d5680000)
  from space 1024K, 87% used [0x00000000d5700000,0x00000000d57e0000,0x00000000d5800000)
  to   space 512K, 0% used [0x00000000d5800000,0x00000000d5800000,0x00000000d5880000)
 ParOldGen       total 710144K, used 710001K [0x0000000080000000, 0x00000000ab580000, 0x00000000d5580000)
  object space 710144K, 99% used [0x0000000080000000,0x00000000ab55c4b0,0x00000000ab580000)
 Metaspace       used 68070K, committed 69632K, reserved 1114112K
  class space    used 7147K, committed 7808K, reserved 1048576K
}
Event: 30.399 GC heap after
{Heap after GC invocations=923 (full 3):
 PSYoungGen      total 1024K, used 512K [0x00000000d5580000, 0x00000000d5a80000, 0x0000000100000000)
  eden space 512K, 0% used [0x00000000d5580000,0x00000000d5580000,0x00000000d5600000)
  from space 512K, 100% used [0x00000000d5800000,0x00000000d5880000,0x00000000d5880000)
  to   space 2048K, 0% used [0x00000000d5600000,0x00000000d5600000,0x00000000d5800000)
 ParOldGen       total 711680K, used 711332K [0x0000000080000000, 0x00000000ab700000, 0x00000000d5580000)
  object space 711680K, 99% used [0x0000000080000000,0x00000000ab6a91d0,0x00000000ab700000)
 Metaspace       used 68070K, committed 69632K, reserved 1114112K
  class space    used 7147K, committed 7808K, reserved 1048576K
}
Event: 30.408 GC heap before
{Heap before GC invocations=924 (full 3):
 PSYoungGen      total 1024K, used 1023K [0x00000000d5580000, 0x00000000d5a80000, 0x0000000100000000)
  eden space 512K, 99% used [0x00000000d5580000,0x00000000d55ffff8,0x00000000d5600000)
  from space 512K, 100% used [0x00000000d5800000,0x00000000d5880000,0x00000000d5880000)
  to   space 2048K, 0% used [0x00000000d5600000,0x00000000d5600000,0x00000000d5800000)
 ParOldGen       total 711680K, used 711332K [0x0000000080000000, 0x00000000ab700000, 0x00000000d5580000)
  object space 711680K, 99% used [0x0000000080000000,0x00000000ab6a91d0,0x00000000ab700000)
 Metaspace       used 68070K, committed 69632K, reserved 1114112K
  class space    used 7147K, committed 7808K, reserved 1048576K
}
Event: 30.411 GC heap after
{Heap after GC invocations=924 (full 3):
 PSYoungGen      total 1536K, used 627K [0x00000000d5580000, 0x00000000d5900000, 0x0000000100000000)
  eden space 512K, 0% used [0x00000000d5580000,0x00000000d5580000,0x00000000d5600000)
  from space 1024K, 61% used [0x00000000d5600000,0x00000000d569cfd0,0x00000000d5700000)
  to   space 1536K, 0% used [0x00000000d5780000,0x00000000d5780000,0x00000000d5900000)
 ParOldGen       total 712192K, used 711863K [0x0000000080000000, 0x00000000ab780000, 0x00000000d5580000)
  object space 712192K, 99% used [0x0000000080000000,0x00000000ab72dc48,0x00000000ab780000)
 Metaspace       used 68070K, committed 69632K, reserved 1114112K
  class space    used 7147K, committed 7808K, reserved 1048576K
}
Event: 30.417 GC heap before
{Heap before GC invocations=925 (full 3):
 PSYoungGen      total 1536K, used 1139K [0x00000000d5580000, 0x00000000d5900000, 0x0000000100000000)
  eden space 512K, 100% used [0x00000000d5580000,0x00000000d5600000,0x00000000d5600000)
  from space 1024K, 61% used [0x00000000d5600000,0x00000000d569cfd0,0x00000000d5700000)
  to   space 1536K, 0% used [0x00000000d5780000,0x00000000d5780000,0x00000000d5900000)
 ParOldGen       total 712192K, used 711863K [0x0000000080000000, 0x00000000ab780000, 0x00000000d5580000)
  object space 712192K, 99% used [0x0000000080000000,0x00000000ab72dc48,0x00000000ab780000)
 Metaspace       used 68070K, committed 69632K, reserved 1114112K
  class space    used 7147K, committed 7808K, reserved 1048576K
}
Event: 30.420 GC heap after
{Heap after GC invocations=925 (full 3):
 PSYoungGen      total 2048K, used 663K [0x00000000d5580000, 0x00000000d5880000, 0x0000000100000000)
  eden space 1024K, 0% used [0x00000000d5580000,0x00000000d5580000,0x00000000d5680000)
  from space 1024K, 64% used [0x00000000d5780000,0x00000000d5825e90,0x00000000d5880000)
  to   space 1024K, 0% used [0x00000000d5680000,0x00000000d5680000,0x00000000d5780000)
 ParOldGen       total 712704K, used 712392K [0x0000000080000000, 0x00000000ab800000, 0x00000000d5580000)
  object space 712704K, 99% used [0x0000000080000000,0x00000000ab7b2168,0x00000000ab800000)
 Metaspace       used 68070K, committed 69632K, reserved 1114112K
  class space    used 7147K, committed 7808K, reserved 1048576K
}
Event: 30.437 GC heap before
{Heap before GC invocations=926 (full 3):
 PSYoungGen      total 2048K, used 1687K [0x00000000d5580000, 0x00000000d5880000, 0x0000000100000000)
  eden space 1024K, 100% used [0x00000000d5580000,0x00000000d5680000,0x00000000d5680000)
  from space 1024K, 64% used [0x00000000d5780000,0x00000000d5825e90,0x00000000d5880000)
  to   space 1024K, 0% used [0x00000000d5680000,0x00000000d5680000,0x00000000d5780000)
 ParOldGen       total 712704K, used 712392K [0x0000000080000000, 0x00000000ab800000, 0x00000000d5580000)
  object space 712704K, 99% used [0x0000000080000000,0x00000000ab7b2168,0x00000000ab800000)
 Metaspace       used 68070K, committed 69632K, reserved 1114112K
  class space    used 7147K, committed 7808K, reserved 1048576K
}
Event: 30.442 GC heap after
{Heap after GC invocations=926 (full 3):
 PSYoungGen      total 2048K, used 1019K [0x00000000d5580000, 0x00000000d5b00000, 0x0000000100000000)
  eden space 1024K, 0% used [0x00000000d5580000,0x00000000d5580000,0x00000000d5680000)
  from space 1024K, 99% used [0x00000000d5680000,0x00000000d577ef70,0x00000000d5780000)
  to   space 2048K, 0% used [0x00000000d5900000,0x00000000d5900000,0x00000000d5b00000)
 ParOldGen       total 713216K, used 712943K [0x0000000080000000, 0x00000000ab880000, 0x00000000d5580000)
  object space 713216K, 99% used [0x0000000080000000,0x00000000ab83bf98,0x00000000ab880000)
 Metaspace       used 68070K, committed 69632K, reserved 1114112K
  class space    used 7147K, committed 7808K, reserved 1048576K
}
Event: 30.451 GC heap before
{Heap before GC invocations=927 (full 3):
 PSYoungGen      total 2048K, used 1851K [0x00000000d5580000, 0x00000000d5b00000, 0x0000000100000000)
  eden space 1024K, 81% used [0x00000000d5580000,0x00000000d564ff50,0x00000000d5680000)
  from space 1024K, 99% used [0x00000000d5680000,0x00000000d577ef70,0x00000000d5780000)
  to   space 2048K, 0% used [0x00000000d5900000,0x00000000d5900000,0x00000000d5b00000)
 ParOldGen       total 713216K, used 712943K [0x0000000080000000, 0x00000000ab880000, 0x00000000d5580000)
  object space 713216K, 99% used [0x0000000080000000,0x00000000ab83bf98,0x00000000ab880000)
 Metaspace       used 68070K, committed 69632K, reserved 1114112K
  class space    used 7147K, committed 7808K, reserved 1048576K
}
Event: 30.454 GC heap after
{Heap after GC invocations=927 (full 3):
 PSYoungGen      total 2560K, used 963K [0x00000000d5580000, 0x00000000d5a00000, 0x0000000100000000)
  eden space 1536K, 0% used [0x00000000d5580000,0x00000000d5580000,0x00000000d5700000)
  from space 1024K, 94% used [0x00000000d5900000,0x00000000d59f0fd0,0x00000000d5a00000)
  to   space 1536K, 0% used [0x00000000d5700000,0x00000000d5700000,0x00000000d5880000)
 ParOldGen       total 714240K, used 713974K [0x0000000080000000, 0x00000000ab980000, 0x00000000d5580000)
  object space 714240K, 99% used [0x0000000080000000,0x00000000ab93d948,0x00000000ab980000)
 Metaspace       used 68070K, committed 69632K, reserved 1114112K
  class space    used 7147K, committed 7808K, reserved 1048576K
}
Event: 30.474 GC heap before
{Heap before GC invocations=928 (full 3):
 PSYoungGen      total 2560K, used 2377K [0x00000000d5580000, 0x00000000d5a00000, 0x0000000100000000)
  eden space 1536K, 92% used [0x00000000d5580000,0x00000000d56e1638,0x00000000d5700000)
  from space 1024K, 94% used [0x00000000d5900000,0x00000000d59f0fd0,0x00000000d5a00000)
  to   space 1536K, 0% used [0x00000000d5700000,0x00000000d5700000,0x00000000d5880000)
 ParOldGen       total 714240K, used 713974K [0x0000000080000000, 0x00000000ab980000, 0x00000000d5580000)
  object space 714240K, 99% used [0x0000000080000000,0x00000000ab93d948,0x00000000ab980000)
 Metaspace       used 68070K, committed 69632K, reserved 1114112K
  class space    used 7147K, committed 7808K, reserved 1048576K
}
Event: 30.477 GC heap after
{Heap after GC invocations=928 (full 3):
 PSYoungGen      total 3072K, used 1535K [0x00000000d5580000, 0x00000000d5a00000, 0x0000000100000000)
  eden space 1536K, 0% used [0x00000000d5580000,0x00000000d5580000,0x00000000d5700000)
  from space 1536K, 99% used [0x00000000d5700000,0x00000000d587fcf8,0x00000000d5880000)
  to   space 1024K, 0% used [0x00000000d5900000,0x00000000d5900000,0x00000000d5a00000)
 ParOldGen       total 715264K, used 714827K [0x0000000080000000, 0x00000000aba80000, 0x00000000d5580000)
  object space 715264K, 99% used [0x0000000080000000,0x00000000aba12e60,0x00000000aba80000)
 Metaspace       used 68070K, committed 69632K, reserved 1114112K
  class space    used 7147K, committed 7808K, reserved 1048576K
}
Event: 30.510 GC heap before
{Heap before GC invocations=929 (full 3):
 PSYoungGen      total 3072K, used 3071K [0x00000000d5580000, 0x00000000d5a00000, 0x0000000100000000)
  eden space 1536K, 100% used [0x00000000d5580000,0x00000000d5700000,0x00000000d5700000)
  from space 1536K, 99% used [0x00000000d5700000,0x00000000d587fcf8,0x00000000d5880000)
  to   space 1024K, 0% used [0x00000000d5900000,0x00000000d5900000,0x00000000d5a00000)
 ParOldGen       total 715264K, used 714827K [0x0000000080000000, 0x00000000aba80000, 0x00000000d5580000)
  object space 715264K, 99% used [0x0000000080000000,0x00000000aba12e60,0x00000000aba80000)
 Metaspace       used 68070K, committed 69632K, reserved 1114112K
  class space    used 7147K, committed 7808K, reserved 1048576K
}
Event: 30.513 GC heap after
{Heap after GC invocations=929 (full 3):
 PSYoungGen      total 2560K, used 1024K [0x00000000d5580000, 0x00000000d5a00000, 0x0000000100000000)
  eden space 1536K, 0% used [0x00000000d5580000,0x00000000d5580000,0x00000000d5700000)
  from space 1024K, 100% used [0x00000000d5900000,0x00000000d5a00000,0x00000000d5a00000)
  to   space 1536K, 0% used [0x00000000d5700000,0x00000000d5700000,0x00000000d5880000)
 ParOldGen       total 716800K, used 716725K [0x0000000080000000, 0x00000000abc00000, 0x00000000d5580000)
  object space 716800K, 99% used [0x0000000080000000,0x00000000abbed758,0x00000000abc00000)
 Metaspace       used 68070K, committed 69632K, reserved 1114112K
  class space    used 7147K, committed 7808K, reserved 1048576K
}
Event: 30.540 GC heap before
{Heap before GC invocations=930 (full 3):
 PSYoungGen      total 2560K, used 2560K [0x00000000d5580000, 0x00000000d5a00000, 0x0000000100000000)
  eden space 1536K, 100% used [0x00000000d5580000,0x00000000d5700000,0x00000000d5700000)
  from space 1024K, 100% used [0x00000000d5900000,0x00000000d5a00000,0x00000000d5a00000)
  to   space 1536K, 0% used [0x00000000d5700000,0x00000000d5700000,0x00000000d5880000)
 ParOldGen       total 716800K, used 716725K [0x0000000080000000, 0x00000000abc00000, 0x00000000d5580000)
  object space 716800K, 99% used [0x0000000080000000,0x00000000abbed758,0x00000000abc00000)
 Metaspace       used 68070K, committed 69632K, reserved 1114112K
  class space    used 7147K, committed 7808K, reserved 1048576K
}
Event: 30.545 GC heap after
{Heap after GC invocations=930 (full 3):
 PSYoungGen      total 3072K, used 1511K [0x00000000d5580000, 0x00000000d5a00000, 0x0000000100000000)
  eden space 1536K, 0% used [0x00000000d5580000,0x00000000d5580000,0x00000000d5700000)
  from space 1536K, 98% used [0x00000000d5700000,0x00000000d5879fa0,0x00000000d5880000)
  to   space 1024K, 0% used [0x00000000d5900000,0x00000000d5900000,0x00000000d5a00000)
 ParOldGen       total 718336K, used 717825K [0x0000000080000000, 0x00000000abd80000, 0x00000000d5580000)
  object space 718336K, 99% used [0x0000000080000000,0x00000000abd00750,0x00000000abd80000)
 Metaspace       used 68070K, committed 69632K, reserved 1114112K
  class space    used 7147K, committed 7808K, reserved 1048576K
}

